<?xml version="1.0" encoding="UTF-8"?>
<testsuites name="Mocha Tests" time="0.170" tests="2" failures="0">
  <testsuite name="Root Suite" timestamp="2023-01-26T14:23:31" tests="0" file="src/shared/components/button/Button.cy.tsx" time="0.000" failures="0">
  </testsuite>
  <testsuite name="Button" timestamp="2023-01-26T14:23:31" tests="2" time="0.153" failures="0">
    <testcase name="Button should mount" time="0.040" classname="should mount">
    </testcase>
    <testcase name="Button when button is clicked, should call onClick" time="0.109" classname="when button is clicked, should call onClick">
    </testcase>
  </testsuite>
</testsuites>